"../../../../../Unreal Projects/Task1/Content/BP_PlayerController.uasset" 0
"../../../../../Unreal Projects/Task1/Content/Weapons/SK_Rifle_Skeleton.uasset" 1
"../../../../../Unreal Projects/Task1/Content/Weapons/Crosshairs/T_Crosshair_Scanline_M.uasset" 2
"../../../../../Unreal Projects/Task1/Content/Weapons/Crosshairs/T_Crosshair_Horizontal_M.uasset" 3
"../../../../../Unreal Projects/Task1/Content/Weapons/Crosshairs/M_Crosshairs_MultiHolo_Scanline.uasset" 4
"../../../../../Unreal Projects/Task1/Content/Weapons/MagGun_01_N.uasset" 5
"../../../../../Unreal Projects/Task1/Content/Weapons/M_Weapon01.uasset" 6
"../../../../../Unreal Projects/Task1/Content/Weapons/MagGun_02_N.uasset" 7
"../../../../../Unreal Projects/Task1/Content/Weapons/MI_Rifle02.uasset" 8
"../../../../../Unreal Projects/Task1/Content/Weapons/MI_Rifle01.uasset" 9
"../../../../../Unreal Projects/Task1/Content/Weapons/SK_Rifle.uasset" 10
"../../../../../Unreal Projects/Task1/Content/WeaponEffects/Muzzle/MuzzleTwo_2048_6x6.uasset" 11
"../../../../../Unreal Projects/Task1/Content/WeaponEffects/Muzzle/MuzzleSmokeOne_1024_11x11.uasset" 12
"../../../../../Unreal Projects/Task1/Content/WeaponEffects/Muzzle/MuzzleFlash_Master.uasset" 13
"../../../../../Unreal Projects/Task1/Content/WeaponEffects/Muzzle/MuzzleFlash_Master_Inst.uasset" 14
"../../../../../Unreal Projects/Task1/Content/WeaponEffects/Muzzle/MuzzleFlash_Master_Inst_2.uasset" 15
"../../../../../Unreal Projects/Task1/Content/WeaponEffects/Muzzle/P_Muzzle_Large.uasset" 16
"../../../../../Unreal Projects/Task1/Content/WeaponEffects/BloodImpact/T_BloodSplat_03_SubUV.uasset" 17
"../../../../../Unreal Projects/Task1/Content/WeaponEffects/BloodImpact/M_blood_splash_03.uasset" 18
"../../../../../Unreal Projects/Task1/Content/WeaponEffects/BloodImpact/T_BloodSplatter_Frames01.uasset" 19
"../../../../../Unreal Projects/Task1/Content/WeaponEffects/BloodImpact/M_blood_splash_01.uasset" 20
"../../../../../Unreal Projects/Task1/Content/WeaponEffects/BloodImpact/clouds_dust_detail_01.uasset" 21
"../../../../../Unreal Projects/Task1/Content/WeaponEffects/BloodImpact/M_blood_cloud_01.uasset" 22
"../../../../../Unreal Projects/Task1/Content/WeaponEffects/BloodImpact/P_blood_splash_02.uasset" 23
"../../../../../Unreal Projects/Task1/Content/WeaponEffects/Beam/Beam.uasset" 24
"../../../../../Unreal Projects/Task1/Content/WeaponEffects/Beam/M_Beam.uasset" 25
"../../../../../Unreal Projects/Task1/Content/WeaponEffects/Beam/P_MachineGun.uasset" 26
"../../../../../Unreal Projects/Task1/Content/WeaponEffects/Beam/P_HLGun.uasset" 27
"../../../../../Unreal Projects/Task1/Content/Images/weapon2.uasset" 28
"../../../../../Unreal Projects/Task1/Content/Images/walking.uasset" 29
"../../../../../Unreal Projects/Task1/Content/Images/SpecialDesignEffect.uasset" 30
"../../../../../Unreal Projects/Task1/Content/Images/hl_weapon.uasset" 31
"../../../../../Unreal Projects/Task1/Content/Images/hand.uasset" 32
"../../../../../Unreal Projects/Task1/Content/Images/flashlight.uasset" 33
"../../../../../Unreal Projects/Task1/Content/Images/ester1_ui.uasset" 34
"../../../../../Unreal Projects/Task1/Content/Images/crouch.uasset" 35
"../../../../../Unreal Projects/Task1/Content/Images/crosshair.uasset" 36
"../../../../../Unreal Projects/Task1/Content/Images/boomerang.uasset" 37
"../../../../../Unreal Projects/Task1/Content/E_FireAbilities.uasset" 38
"../../../../../Unreal Projects/Task1/Content/WBP_Crosshair.uasset" 39
"../../../../../Unreal Projects/Task1/Content/Sounds/Weapon/ShootSounds/AR15_Generic_Shot.uasset" 40
"../../../../../Unreal Projects/Task1/Content/Sounds/Weapon/sw_Foley_Jump_03.uasset" 41
"../../../../../Unreal Projects/Task1/Content/Sounds/Weapon/sw_Foley_Jump_02.uasset" 42
"../../../../../Unreal Projects/Task1/Content/Sounds/Weapon/sw_Foley_Jump_01.uasset" 43
"../../../../../Unreal Projects/Task1/Content/Sounds/Weapon/JumpCue.uasset" 44
"../../../../../Unreal Projects/Task1/Content/Sounds/Swings/Swing2.uasset" 45
"../../../../../Unreal Projects/Task1/Content/Sounds/Swings/HeavySwing1.uasset" 46
"../../../../../Unreal Projects/Task1/Content/Sounds/FootstepJump/sw_Foley_JumpLand_Tile_03.uasset" 47
"../../../../../Unreal Projects/Task1/Content/Sounds/FootstepJump/sw_Foley_JumpLand_Tile_02.uasset" 48
"../../../../../Unreal Projects/Task1/Content/Sounds/FootstepJump/sw_Foley_JumpLand_Tile_01.uasset" 49
"../../../../../Unreal Projects/Task1/Content/Sounds/FootstepJump/JumpLandCue.uasset" 50
"../../../../../Unreal Projects/Task1/Content/Mannequin/Character/Mesh/SK_Mannequin_PhysicsAsset.uasset" 51
"../../../../../Unreal Projects/Task1/Content/Mannequin/Character/Textures/T_UE4Logo_N.uasset" 52
"../../../../../Unreal Projects/Task1/Content/Mannequin/Character/Textures/T_UE4Logo_Mask.uasset" 53
"../../../../../Unreal Projects/Task1/Content/Mannequin/Character/Textures/T_Male_N.uasset" 54
"../../../../../Unreal Projects/Task1/Content/Mannequin/Character/Textures/T_Male_Mask.uasset" 55
"../../../../../Unreal Projects/Task1/Content/Mannequin/Character/Materials/MaterialLayers/T_ML_Rubber_Blue_01_N.uasset" 56
"../../../../../Unreal Projects/Task1/Content/Mannequin/Character/Materials/MaterialLayers/T_ML_Rubber_Blue_01_D.uasset" 57
"../../../../../Unreal Projects/Task1/Content/Mannequin/Character/Materials/MaterialLayers/T_ML_Aluminum01_N.uasset" 58
"../../../../../Unreal Projects/Task1/Content/Mannequin/Character/Materials/MaterialLayers/T_ML_Aluminum01.uasset" 59
"../../../../../Unreal Projects/Task1/Content/Mannequin/Character/Materials/MaterialLayers/ML_SoftMetal_UE4.uasset" 60
"../../../../../Unreal Projects/Task1/Content/Mannequin/Character/Materials/MaterialLayers/ML_Plastic_Shiny_Beige_LOGO.uasset" 61
"../../../../../Unreal Projects/Task1/Content/Mannequin/Character/Materials/MaterialLayers/ML_Plastic_Shiny_Beige.uasset" 62
"../../../../../Unreal Projects/Task1/Content/Mannequin/Character/Materials/MaterialLayers/ML_GlossyBlack_Latex_UE4.uasset" 63
"../../../Engine/Content/Functions/MaterialLayerFunctions/MatLayerBlend_Simple.uasset" 64
"../../../Engine/Content/Functions/Engine_MaterialFunctions02/Utility/BlendAngleCorrectedNormals.uasset" 65
"../../../Engine/Content/Functions/MaterialLayerFunctions/MatLayerBlend_NormalBlend.uasset" 66
"../../../../../Unreal Projects/Task1/Content/Mannequin/Character/Materials/M_Male_Body.uasset" 67
"../../../../../Unreal Projects/Task1/Content/Mannequin/Character/Materials/M_UE4Man_ChestLogo.uasset" 68
"../../../../../Unreal Projects/Task1/Content/Mannequin/Character/Mesh/UE4_Mannequin_Skeleton.uasset" 69
"../../../../../Unreal Projects/Task1/Content/Mannequin/Character/Mesh/SK_Mannequin.uasset" 70
"../../../../../Unreal Projects/Task1/Content/FirstPerson/Character/Mesh/SK_Mannequin_Arms_PhysicsAsset.uasset" 71
"../../../../../Unreal Projects/Task1/Content/FirstPerson/Character/Textures/UE4_Mannequin_MAT_MASKA.uasset" 72
"../../../../../Unreal Projects/Task1/Content/FirstPerson/Character/Textures/UE4_Mannequin__normals.uasset" 73
"../../../../../Unreal Projects/Task1/Content/FirstPerson/Character/Materials/MaterialLayers/T_ML_Aluminum01_N.uasset" 74
"../../../../../Unreal Projects/Task1/Content/FirstPerson/Character/Materials/MaterialLayers/T_ML_Aluminum01.uasset" 75
"../../../../../Unreal Projects/Task1/Content/FirstPerson/Character/Materials/MaterialLayers/ML_SoftMetal_UE4.uasset" 76
"../../../../../Unreal Projects/Task1/Content/FirstPerson/Character/Textures/UE4_LOGO_CARD.uasset" 77
"../../../../../Unreal Projects/Task1/Content/FirstPerson/Character/Materials/MaterialLayers/ML_Plastic_Shiny_Beige_LOGO.uasset" 78
"../../../../../Unreal Projects/Task1/Content/FirstPerson/Character/Materials/MaterialLayers/ML_Plastic_Shiny_Beige.uasset" 79
"../../../../../Unreal Projects/Task1/Content/FirstPerson/Character/Materials/MaterialLayers/T_ML_Rubber_Blue_01_N.uasset" 80
"../../../../../Unreal Projects/Task1/Content/FirstPerson/Character/Materials/MaterialLayers/T_ML_Rubber_Blue_01_D.uasset" 81
"../../../../../Unreal Projects/Task1/Content/FirstPerson/Character/Materials/MaterialLayers/ML_GlossyBlack_Latex_UE4.uasset" 82
"../../../../../Unreal Projects/Task1/Content/FirstPerson/Character/Materials/M_UE4Man_Body.uasset" 83
"../../../../../Unreal Projects/Task1/Content/FirstPerson/Character/Mesh/SK_Mannequin_Arms_Skeleton.uasset" 84
"../../../../../Unreal Projects/Task1/Content/FirstPerson/Character/Mesh/SK_Mannequin_Arms.uasset" 85
"../../../Engine/Content/EngineDebugMaterials/M_SimpleUnlitTranslucent.uasset" 86
"../../../../../Unreal Projects/Task1/Content/Images/MI_PointObjectMat.uasset" 87
"../../../../../Unreal Projects/Task1/Content/SuperGrid/StarterPack/Source/Textures/T_HexagonRandom.uasset" 88
"../../../../../Unreal Projects/Task1/Content/SuperGrid/StarterPack/Source/Textures/T_HexagonRandom_Mat.uasset" 89
"../../../Engine/Content/Functions/Engine_MaterialFunctions01/Opacity/CameraDepthFade.uasset" 90
"../../../Engine/Content/EngineMaterials/T_Default_Material_Grid_N.uasset" 91
"../../../Engine/Content/EngineMaterials/T_Default_Material_Grid_M.uasset" 92
"../../../Engine/Content/EngineMaterials/WorldGridMaterial.uasset" 93
"../../../../../Unreal Projects/Task1/Content/SM_Prison.uasset" 94
"../../../../../Unreal Projects/Task1/Content/BPI_DamageHandle.uasset" 95
"../../../../../Unreal Projects/Task1/Content/SM_Prison_Blueprint.uasset" 96
"../../../../../Unreal Projects/Task1/Content/CameraShakes/BP_FireCamShake.uasset" 97
"../../../../../Unreal Projects/Task1/Content/CameraShakes/BP_BoomerangCamShake.uasset" 98
"../../../../../Unreal Projects/Task1/Content/BPI_SaveSystem.uasset" 99
"../../../Engine/Content/EditorBlueprintResources/StandardMacros.uasset" 100
"../../../../../Unreal Projects/Task1/Content/BP_GameInstance.uasset" 101
"../../../Engine/Content/EditorBlueprintResources/ActorMacros.uasset" 102
"../../../../../Unreal Projects/Task1/Content/Sounds/FootstepJump/sw_FS_Tile_09.uasset" 103
"../../../../../Unreal Projects/Task1/Content/Sounds/FootstepJump/sw_FS_Tile_08.uasset" 104
"../../../../../Unreal Projects/Task1/Content/Sounds/FootstepJump/sw_FS_Tile_07.uasset" 105
"../../../../../Unreal Projects/Task1/Content/Sounds/FootstepJump/sw_FS_Tile_06.uasset" 106
"../../../../../Unreal Projects/Task1/Content/Sounds/FootstepJump/sw_FS_Tile_05.uasset" 107
"../../../../../Unreal Projects/Task1/Content/Sounds/FootstepJump/sw_FS_Tile_04.uasset" 108
"../../../../../Unreal Projects/Task1/Content/Sounds/FootstepJump/sw_FS_Tile_03.uasset" 109
"../../../../../Unreal Projects/Task1/Content/Sounds/FootstepJump/sw_FS_Tile_02.uasset" 110
"../../../../../Unreal Projects/Task1/Content/Sounds/FootstepJump/sw_FS_Tile_01.uasset" 111
"../../../../../Unreal Projects/Task1/Content/Sounds/FootstepJump/WalkSound_Cue.uasset" 112
"../../../Engine/Content/Animation/DefaultAnimCurveCompressionSettings.uasset" 113
"../../../Engine/Content/Animation/DefaultAnimBoneCompressionSettings.uasset" 114
"../../../../../Unreal Projects/Task1/Content/Mannequin/Animations/ThirdPersonWalk.uasset" 115
"../../../../../Unreal Projects/Task1/Content/Mannequin/Animations/ThirdPersonRun.uasset" 116
"../../../../../Unreal Projects/Task1/Content/Mannequin/Animations/ThirdPersonIdle.uasset" 117
"../../../../../Unreal Projects/Task1/Content/Mannequin/Animations/ThirdPerson_IdleRun_2D.uasset" 118
"../../../../../Unreal Projects/Task1/Content/Mannequin/Animations/ThirdPerson_Jump.uasset" 119
"../../../../../Unreal Projects/Task1/Content/Mannequin/Animations/ThirdPersonJump_Start.uasset" 120
"../../../../../Unreal Projects/Task1/Content/Mannequin/Animations/ThirdPersonJump_Loop.uasset" 121
"../../../../../Unreal Projects/Task1/Content/CameraShakes/BP_RunCameraShake.uasset" 122
"../../../../../Unreal Projects/Task1/Content/Mannequin/Animations/ThirdPerson_AnimBP.uasset" 123
"../../../../../Unreal Projects/Task1/Content/FirstPerson/Animations/FirstPerson_Run2.uasset" 124
"../../../../../Unreal Projects/Task1/Content/FirstPerson/Animations/FirstPerson_Run.uasset" 125
"../../../../../Unreal Projects/Task1/Content/FirstPerson/Animations/FirstPerson_JumpStart.uasset" 126
"../../../../../Unreal Projects/Task1/Content/FirstPerson/Animations/FirstPerson_JumpLoop.uasset" 127
"../../../../../Unreal Projects/Task1/Content/FirstPerson/Animations/FirstPerson_JumpEnd.uasset" 128
"../../../../../Unreal Projects/Task1/Content/FirstPerson/Animations/FirstPerson_Idle.uasset" 129
"../../../../../Unreal Projects/Task1/Content/BPI_Animation.uasset" 130
"../../../../../Unreal Projects/Task1/Content/FirstPerson/Animations/FirstPerson_AnimBP.uasset" 131
"../../../../../Unreal Projects/Task1/Content/Sounds/Weapon/FireAttenuation.uasset" 132
"../../../../../Unreal Projects/Task1/Content/AI_Enemy/BP_Weapon.uasset" 133
"../../../../../Unreal Projects/Task1/Content/AI_Enemy/BB_Enemy.uasset" 134
"../../../../../Unreal Projects/Task1/Content/AI_Enemy/Service_FindPlayer.uasset" 135
"../../../../../Unreal Projects/Task1/Content/AI_Enemy/Service_CanSeePlayer.uasset" 136
"../../../../../Unreal Projects/Task1/Content/AI_Enemy/Decorator_WantsToGo.uasset" 137
"../../../../../Unreal Projects/Task1/Content/AI_Enemy/Decorator_CanSeePlayer.uasset" 138
"../../../../../Unreal Projects/Task1/Content/AI_Enemy/BTT_SetFocus.uasset" 139
"../../../../../Unreal Projects/Task1/Content/AI_Enemy/BTT_FireTask.uasset" 140
"../../../../../Unreal Projects/Task1/Content/AI_Enemy/BT_Enemy.uasset" 141
"../../../../../Unreal Projects/Task1/Content/AI_Enemy/BP_AIController.uasset" 142
"../../../../../Unreal Projects/Task1/Content/AnimStarterPack/UE4_Mannequin/Mesh/SK_Mannequin_PhysicsAsset.uasset" 143
"../../../../../Unreal Projects/Task1/Content/AnimStarterPack/UE4_Mannequin/Textures/UE4Man_Logo_N.uasset" 144
"../../../../../Unreal Projects/Task1/Content/AnimStarterPack/UE4_Mannequin/Textures/UE4_Mannequin_occlusion_Mobile.uasset" 145
"../../../../../Unreal Projects/Task1/Content/AnimStarterPack/UE4_Mannequin/Textures/UE4_Mannequin_MAT_MASKA.uasset" 146
"../../../../../Unreal Projects/Task1/Content/AnimStarterPack/UE4_Mannequin/Textures/UE4_Mannequin__normals.uasset" 147
"../../../../../Unreal Projects/Task1/Content/AnimStarterPack/UE4_Mannequin/Materials/MaterialLayers/T_ML_Aluminum01_N.uasset" 148
"../../../../../Unreal Projects/Task1/Content/AnimStarterPack/UE4_Mannequin/Materials/MaterialLayers/T_ML_Aluminum01.uasset" 149
"../../../../../Unreal Projects/Task1/Content/AnimStarterPack/UE4_Mannequin/Materials/MaterialLayers/ML_SoftMetal_UE4.uasset" 150
"../../../../../Unreal Projects/Task1/Content/AnimStarterPack/UE4_Mannequin/Textures/UE4_LOGO_CARD.uasset" 151
"../../../../../Unreal Projects/Task1/Content/AnimStarterPack/UE4_Mannequin/Materials/MaterialLayers/ML_Plastic_Shiny_Beige_LOGO.uasset" 152
"../../../../../Unreal Projects/Task1/Content/AnimStarterPack/UE4_Mannequin/Materials/MaterialLayers/ML_Plastic_Shiny_Beige.uasset" 153
"../../../../../Unreal Projects/Task1/Content/AnimStarterPack/UE4_Mannequin/Materials/MaterialLayers/T_ML_Rubber_Blue_01_N.uasset" 154
"../../../../../Unreal Projects/Task1/Content/AnimStarterPack/UE4_Mannequin/Materials/MaterialLayers/T_ML_Rubber_Blue_01_D.uasset" 155
"../../../../../Unreal Projects/Task1/Content/AnimStarterPack/UE4_Mannequin/Materials/MaterialLayers/ML_GlossyBlack_Latex_UE4.uasset" 156
"../../../Engine/Content/Functions/MaterialLayerFunctions/MatLayerBlend_AO.uasset" 157
"../../../../../Unreal Projects/Task1/Content/AnimStarterPack/UE4_Mannequin/Materials/M_UE4Man_Body.uasset" 158
"../../../../../Unreal Projects/Task1/Content/AnimStarterPack/UE4_Mannequin/Materials/M_UE4Man_ChestLogo.uasset" 159
"../../../../../Unreal Projects/Task1/Content/AnimStarterPack/UE4_Mannequin/Mesh/UE4_Mannequin_Skeleton.uasset" 160
"../../../../../Unreal Projects/Task1/Content/AnimStarterPack/UE4_Mannequin/Mesh/SK_Mannequin.uasset" 161
"../../../../../Unreal Projects/Task1/Content/AI_Enemy/BP_EnemyAI.uasset" 162
"../../../../../Unreal Projects/Task1/Content/AnimStarterPack/Crouch_Idle_Rifle_Hip.uasset" 163
"../../../../../Unreal Projects/Task1/Content/AnimStarterPack/Jog_Lt_Rifle.uasset" 164
"../../../../../Unreal Projects/Task1/Content/AnimStarterPack/Jog_Rt_Rifle.uasset" 165
"../../../../../Unreal Projects/Task1/Content/AnimStarterPack/Jog_Fwd_Rifle.uasset" 166
"../../../../../Unreal Projects/Task1/Content/AnimStarterPack/Jog_Bwd_Rifle.uasset" 167
"../../../../../Unreal Projects/Task1/Content/AnimStarterPack/BS_Jog.uasset" 168
"../../../../../Unreal Projects/Task1/Content/AnimStarterPack/Death_1.uasset" 169
"../../../../../Unreal Projects/Task1/Content/AnimStarterPack/Death_2.uasset" 170
"../../../../../Unreal Projects/Task1/Content/AnimStarterPack/Death_3.uasset" 171
"../../../../../Unreal Projects/Task1/Content/AnimStarterPack/Crouch_Walk_Bwd_Rifle_Hip.uasset" 172
"../../../../../Unreal Projects/Task1/Content/AnimStarterPack/Crouch_Walk_Rt_Rifle_Hip.uasset" 173
"../../../../../Unreal Projects/Task1/Content/AnimStarterPack/Crouch_Walk_Lt_Rifle_Hip.uasset" 174
"../../../../../Unreal Projects/Task1/Content/AnimStarterPack/Crouch_Walk_Fwd_Rifle_Hip.uasset" 175
"../../../../../Unreal Projects/Task1/Content/AnimStarterPack/BS_CrouchWalk.uasset" 176
"../../../../../Unreal Projects/Task1/Content/AnimStarterPack/Idle_Rifle_Hip.uasset" 177
"../../../../../Unreal Projects/Task1/Content/AnimStarterPack/Jump_From_Jog.uasset" 178
"../../../../../Unreal Projects/Task1/Content/AnimStarterPack/Jump_From_Stand.uasset" 179
"../../../../../Unreal Projects/Task1/Content/AnimStarterPack/UE4ASP_HeroTPP_AnimBlueprint.uasset" 180
"../../../../../Unreal Projects/Task1/Content/SuperGrid/StarterPack/Source/Textures/T_DotGrid_N.uasset" 181
"../../../../../Unreal Projects/Task1/Content/SuperGrid/StarterPack/Source/Textures/T_DotGrid_M.uasset" 182
"../../../../../Unreal Projects/Task1/Content/SuperGrid/StarterPack/Materials/Functions/UV/UV_SetupGrid.uasset" 183
"../../../Engine/Content/Functions/Engine_MaterialFunctions02/Utility/VectorLength.uasset" 184
"../../../Engine/Content/Functions/Engine_MaterialFunctions02/WorldPositionOffset/ObjectScale.uasset" 185
"../../../Engine/Content/Functions/Engine_MaterialFunctions02/Utility/Sign.uasset" 186
"../../../Engine/Content/Functions/Engine_MaterialFunctions02/Utility/Round.uasset" 187
"../../../Engine/Content/Functions/Engine_MaterialFunctions02/Utility/BreakOutFloat3Components.uasset" 188
"../../../../../Unreal Projects/Task1/Content/SuperGrid/StarterPack/Materials/Functions/UV/UV_ObjectScalable.uasset" 189
"../../../../../Unreal Projects/Task1/Content/SuperGrid/StarterPack/Source/Textures/T_BasicGrid_M.uasset" 190
"../../../../../Unreal Projects/Task1/Content/SuperGrid/StarterPack/Materials/Functions/Texture/Tex_SimpleGrid.uasset" 191
"../../../../../Unreal Projects/Task1/Content/SuperGrid/StarterPack/Materials/Functions/Basic/BreakSet.uasset" 192
"../../../../../Unreal Projects/Task1/Content/SuperGrid/StarterPack/Materials/Functions/Texture/Dye_MultiColor.uasset" 193
"../../../../../Unreal Projects/Task1/Content/SuperGrid/StarterPack/Materials/Functions/Basic/Roughness.uasset" 194
"../../../Engine/Content/Functions/Engine_MaterialFunctions02/Utility/MakeFloat3.uasset" 195
"../../../../../Unreal Projects/Task1/Content/SuperGrid/StarterPack/Materials/Functions/Basic/MakeSet.uasset" 196
"../../../Engine/Content/Functions/Engine_MaterialFunctions02/Utility/LinearSine.uasset" 197
"../../../../../Unreal Projects/Task1/Content/SuperGrid/StarterPack/Materials/Base/M_SuperGrid_Glowing_MultiColor.uasset" 198
"../../../../../Unreal Projects/Task1/Content/SuperGrid/TutorialLevel/MaterialInstances/M_Tut_MetalNeutral.uasset" 199
"../../../Engine/Content/BasicShapes/Cube.uasset" 200
"../../../../../Unreal Projects/Task1/Content/BP_Cube.uasset" 201
"../../../../../Unreal Projects/Task1/Content/Sounds/Swings/StickSwing3.uasset" 202
"../../../../../Unreal Projects/Task1/Content/Sounds/Swings/StickSwing2.uasset" 203
"../../../../../Unreal Projects/Task1/Content/Sounds/Swings/StickSwing1.uasset" 204
"../../../../../Unreal Projects/Task1/Content/Sounds/Swings/BoomerangCue.uasset" 205
"../../../../../Unreal Projects/Task1/Content/Sounds/Swings/BoomerangAttenuation.uasset" 206
"../../../../../Unreal Projects/Task1/Content/SM_Boomerang.uasset" 207
"../../../../../Unreal Projects/Task1/Content/M_Trail.uasset" 208
"../../../../../Unreal Projects/Task1/Content/P_Trail.uasset" 209
"../../../Engine/Content/VREditor/TransformGizmo/TranslucentTransformGizmoMaterial.uasset" 210
"../../../Engine/Content/VREditor/LaserPointer/TranslucentHoverMaterial.uasset" 211
"../../../../../Unreal Projects/Task1/Content/BP_Boomerang_2.uasset" 212
"../../../Engine/Content/EngineMaterials/DefaultMaterial.uasset" 213
"../../../Engine/Content/EngineMeshes/Cube.uasset" 214
"../../../../../Unreal Projects/Task1/Content/BP_Boomerang_1.uasset" 215
"../../../../../Unreal Projects/Task1/Content/BP_Blackhole.uasset" 216
"../../../Engine/Content/BasicShapes/BasicShapeMaterial.uasset" 217
"../../../Engine/Content/BasicShapes/Sphere.uasset" 218
"../../../../../Unreal Projects/Task1/Content/BP_BlackholeProjectile.uasset" 219
"../../../../../Unreal Projects/Task1/Content/BP_FPSCharacter.uasset" 220
"../../../../../Unreal Projects/Task1/Content/GM_Gamemode.uasset" 221
"../../../Engine/Content/ArtTools/RenderToTexture/Meshes/S_1_Unit_Plane.uasset" 222
"../../../Engine/Content/EditorLandscapeResources/DataLayer.uasset" 223
"../../../Engine/Content/EditorLandscapeResources/DefaultAlphaTexture.uasset" 224
"../../../Engine/Content/EditorMaterials/MAT_Groups_Toggle.uasset" 225
"../../../Engine/Content/EditorMaterials/MAT_Groups_Visibility.uasset" 226
"../../../Engine/Content/EditorMaterials/PreviewShadowIndicator.uasset" 227
"../../../Engine/Content/EditorMaterials/PreviewShadowIndicatorMaterial.uasset" 228
"../../../Engine/Content/EditorMaterials/MatineeGroups/MAT_ColorTrack.uasset" 229
"../../../Engine/Content/EditorMaterials/MatineeGroups/MAT_Groups_Anim.uasset" 230
"../../../Engine/Content/EditorMaterials/MatineeGroups/MAT_Groups_AudioMaster.uasset" 231
"../../../Engine/Content/EditorMaterials/MatineeGroups/MAT_Groups_Director.uasset" 232
"../../../Engine/Content/EditorMaterials/MatineeGroups/MAT_Groups_Event.uasset" 233
"../../../Engine/Content/EditorMaterials/MatineeGroups/MAT_Groups_Fade.uasset" 234
"../../../Engine/Content/EditorMaterials/MatineeGroups/MAT_Groups_Float.uasset" 235
"../../../Engine/Content/EditorMaterials/MatineeGroups/MAT_Groups_Move.uasset" 236
"../../../Engine/Content/EditorMaterials/MatineeGroups/MAT_Groups_Slomo.uasset" 237
"../../../Engine/Content/EditorMaterials/MatineeGroups/MAT_Groups_Sound.uasset" 238
"../../../Engine/Content/EditorMaterials/MatineeGroups/MAT_Groups_Vector.uasset" 239
"../../../Engine/Content/EditorMaterials/ParticleSystems/PSysThumbnail_NoImage.uasset" 240
"../../../Engine/Content/EditorMaterials/ParticleSystems/PSysThumbnail_OOD.uasset" 241
"../../../Engine/Content/EditorMaterials/Camera/CineMat.uasset" 242
"../../../Engine/Content/EditorMaterials/Camera/MI_CineMat_Rig.uasset" 243
"../../../Engine/Content/EditorMeshes/Camera/SM_CraneRig_Arm.uasset" 244
"../../../Engine/Content/EditorMeshes/Camera/SM_CraneRig_Base.uasset" 245
"../../../Engine/Content/EditorMeshes/Camera/SM_CraneRig_Body.uasset" 246
"../../../Engine/Content/EditorMeshes/Camera/SM_CraneRig_Mount.uasset" 247
"../../../Engine/Content/EditorMeshes/Camera/SM_RailRig_Mount.uasset" 248
"../../../Engine/Content/EditorMeshes/Camera/SM_RailRig_Track.uasset" 249
"../../../Engine/Content/EditorResources/BSPVertex.uasset" 250
"../../../Engine/Content/EditorResources/EmptyActor.uasset" 251
"../../../Engine/Content/EditorResources/S_Actor.uasset" 252
"../../../Engine/Content/EditorResources/S_Note.uasset" 253
"../../../Engine/Content/EditorResources/S_Solver.uasset" 254
"../../../Engine/Content/EditorResources/S_Terrain.uasset" 255
"../../../Engine/Content/EditorResources/S_Trigger.uasset" 256
"../../../Engine/Content/EditorResources/LightIcons/S_LightError.uasset" 257
"../../../Engine/Content/EditorResources/SequenceRecorder/Countdown.uasset" 258
"../../../Engine/Content/EditorResources/SequenceRecorder/RecordingIndicator.uasset" 259
"../../../Engine/Content/EngineDamageTypes/DmgTypeBP_Environmental.uasset" 260
"../../../Engine/Content/EngineDebugMaterials/DebugEditorMaterial.uasset" 261
"../../../Engine/Content/EngineDebugMaterials/DebugMeshMaterial.uasset" 262
"../../../Engine/Content/EngineDebugMaterials/VolumeToRender.uasset" 263
"../../../Engine/Content/Functions/Engine_MaterialFunctions02/Utility/CameraDirectionVector.uasset" 264
"../../../Engine/Content/EngineDebugMaterials/M_VolumeRenderSphereTracePP.uasset" 265
"../../../Engine/Content/Functions/Engine_MaterialFunctions01/Shading/ConvertFromDiffSpec.uasset" 266
"../../../Engine/Content/EngineDebugMaterials/VertexColorMaterial.uasset" 267
"../../../Engine/Content/EngineDebugMaterials/WireframeMaterial.uasset" 268
"../../../Engine/Content/EngineFonts/Faces/RobotoRegular.uasset" 269
"../../../Engine/Content/EngineFonts/Faces/RobotoLight.uasset" 270
"../../../Engine/Content/EngineFonts/Faces/RobotoItalic.uasset" 271
"../../../Engine/Content/EngineFonts/Faces/RobotoBoldItalic.uasset" 272
"../../../Engine/Content/EngineFonts/Faces/RobotoBold.uasset" 273
"../../../Engine/Content/EngineFonts/Faces/DroidSansFallback.uasset" 274
"../../../Engine/Content/EngineFonts/Roboto.uasset" 275
"../../../Engine/Content/EngineMaterials/BaseFlattenNormalMap.uasset" 276
"../../../Engine/Content/EngineMaterials/BaseFlattenGrayscaleMap.uasset" 277
"../../../Engine/Content/EngineMaterials/BaseFlattenEmissiveMap.uasset" 278
"../../../Engine/Content/EngineMaterials/BaseFlattenDiffuseMap.uasset" 279
"../../../Engine/Content/EngineMaterials/BaseFlattenMaterial.uasset" 280
"../../../Engine/Content/EngineMaterials/BlueNoise.uasset" 281
"../../../Engine/Content/EngineMaterials/DefaultBloomKernel.uasset" 282
"../../../Engine/Content/EngineMaterials/DefaultBokeh.uasset" 283
"../../../Engine/Content/EngineMaterials/DefaultDiffuse.uasset" 284
"../../../Engine/Content/EngineMaterials/DefaultDeferredDecalMaterial.uasset" 285
"../../../Engine/Content/EngineMaterials/DefaultLightFunctionMaterial.uasset" 286
"../../../Engine/Content/EngineMaterials/DefaultPhysicalMaterial.uasset" 287
"../../../Engine/Content/Functions/Engine_MaterialFunctions02/Utility/BreakOutFloat2Components.uasset" 288
"../../../Engine/Content/EngineMaterials/DefaultPostProcessMaterial.uasset" 289
"../../../Engine/Content/EngineFonts/RobotoDistanceField.uasset" 290
"../../../Engine/Content/EngineMaterials/DefaultTextMaterialOpaque.uasset" 291
"../../../Engine/Content/EngineMaterials/DefaultWhiteGrid.uasset" 292
"../../../Engine/Content/EngineMaterials/DefaultWhiteGrid_Low.uasset" 293
"../../../Engine/Content/EngineMaterials/EmissiveMeshMaterial.uasset" 294
"../../../Engine/Content/EngineMaterials/GizmoMaterial.uasset" 295
"../../../Engine/Content/EngineMaterials/Good64x64TilingNoiseHighFreq.uasset" 296
"../../../Engine/Content/EngineMaterials/MiniFont.uasset" 297
"../../../Engine/Content/EngineMaterials/InvalidLightmapSettings.uasset" 298
"../../../Engine/Content/EngineMaterials/M_InvalidLightmapSettings.uasset" 299
"../../../Engine/Content/Functions/Engine_MaterialFunctions02/WorldPositionOffset/CameraOffset.uasset" 300
"../../../Engine/Content/EngineMaterials/PhAT_JointLimitMaterial.uasset" 301
"../../../Engine/Content/EngineMaterials/PreintegratedSkinBRDF.uasset" 302
"../../../Engine/Content/EngineMaterials/RemoveSurfaceMaterial.uasset" 303
"../../../Engine/Content/EngineMaterials/WeightMapPlaceholderTexture.uasset" 304
"../../../Engine/Content/EngineResources/WhiteSquareTexture.uasset" 305
"../../../Engine/Content/EngineMaterials/Widget3DPassThrough.uasset" 306
"../../../Engine/Content/EngineMaterials/Widget3DPassThrough_Masked.uasset" 307
"../../../Engine/Content/EngineMaterials/Widget3DPassThrough_Opaque.uasset" 308
"../../../Engine/Content/EngineMaterials/Widget3DPassThrough_Masked_OneSided.uasset" 309
"../../../Engine/Content/EngineMaterials/Widget3DPassThrough_Opaque_OneSided.uasset" 310
"../../../Engine/Content/EngineMaterials/Widget3DPassThrough_Translucent.uasset" 311
"../../../Engine/Content/EngineMaterials/Widget3DPassThrough_Translucent_OneSided.uasset" 312
"../../../Engine/Content/EngineMeshes/Cylinder.uasset" 313
"../../../Engine/Content/EngineMeshes/Sphere.uasset" 314
"../../../Engine/Content/EngineResources/Black.uasset" 315
"../../../Engine/Content/EngineResources/DefaultTextureCube.uasset" 316
"../../../Engine/Content/EngineResources/DefaultVolumeTexture2D.uasset" 317
"../../../Engine/Content/EngineResources/DefaultVolumeTexture.uasset" 318
"../../../Engine/Content/EngineResources/GradientTexture0.uasset" 319
"../../../Engine/Content/EngineSky/VolumetricClouds/T_NoiseShape64.uasset" 320
"../../../Engine/Content/EngineSky/VolumetricClouds/T_VolumeNoiseShape64.uasset" 321
"../../../Engine/Content/EngineSky/VolumetricClouds/T_NoiseErosion.uasset" 322
"../../../Engine/Content/EngineSky/VolumetricClouds/T_VolumeNoiseErosion32.uasset" 323
"../../../Engine/Content/EngineSky/VolumetricClouds/CloudWeatherTexture.uasset" 324
"../../../Engine/Content/EngineSky/VolumetricClouds/CloudGradientTexture.uasset" 325
"../../../Engine/Content/Functions/Engine_MaterialFunctions02/Utility/MakeFloat2.uasset" 326
"../../../Engine/Content/EngineSky/VolumetricClouds/m_SimpleVolumetricCloud.uasset" 327
"../../../Engine/Content/EngineSky/VolumetricClouds/m_SimpleVolumetricCloud_Inst.uasset" 328
"../../../Engine/Content/EngineSounds/Master.uasset" 329
"../../../Engine/Content/Functions/Engine_MaterialFunctions01/Shading/PowerToRoughness.uasset" 330
"../../../Engine/Content/Maps/Templates/Thumbnails/Default.uasset" 331
"../../../Engine/Content/Maps/Templates/Thumbnails/TimeOfDay.uasset" 332
"../../../Engine/Content/Maps/Templates/Thumbnails/VR-Basic.uasset" 333
"../../../Engine/Content/MobileResources/T_MobileControls_texture.uasset" 334
"../../../Engine/Content/MobileResources/T_MobileMenu2.uasset" 335
"../../../Engine/Content/MobileResources/HUD/AnalogHat.uasset" 336
"../../../Engine/Content/MobileResources/HUD/VirtualJoystick_Thumb.uasset" 337
"../../../Engine/Content/MobileResources/HUD/VirtualJoystick_Background.uasset" 338
"../../../Engine/Content/MobileResources/HUD/DefaultVirtualJoysticks.uasset" 339
"../../../Engine/Content/MobileResources/HUD/LeftVirtualJoystickOnly.uasset" 340
"../../../Engine/Content/MobileResources/HUD/MobileHUDButton1_off.uasset" 341
"../../../Engine/Content/MobileResources/HUD/MobileHUDButton1_on.uasset" 342
"../../../Engine/Content/MobileResources/HUD/MobileHUDButton2_off.uasset" 343
"../../../Engine/Content/MobileResources/HUD/MobileHUDButton2_on.uasset" 344
"../../../Engine/Content/MobileResources/HUD/MobileHUDButton3.uasset" 345
"../../../Engine/Content/MobileResources/HUD/MobileHUDButtonFire.uasset" 346
"../../../Engine/Content/MobileResources/HUD/MobileHUDDirectionPad.uasset" 347
"../../../Engine/Content/MobileResources/HUD/MobileHUDDirectionPad2.uasset" 348
"../../../Engine/Content/MobileResources/HUD/MobileHUDDirectionPad3.uasset" 349
"../../../Engine/Content/MobileResources/HUD/MobileHUDDirectionStick.uasset" 350
"../../../Engine/Content/MobileResources/HUD/T_Castle_ThumbstickInner.uasset" 351
"../../../Engine/Content/MobileResources/HUD/T_Castle_ThumbstickOutter.uasset" 352
"../../../Engine/Content/Tutorial/ContentIntroCurve.uasset" 353
"../../../Engine/Content/Tutorial/Basics/LevelEditorAttract.uasset" 354
"../../../Engine/Content/Tutorial/Basics/TutorialAssets/icon_tab_Levels_40x.uasset" 355
"../../../Engine/Content/Tutorial/Basics/LevelEditorOverview.uasset" 356
"../../../Engine/Content/Tutorial/BlueprintTutorials/TutorialAssets/Blueprint_64x.uasset" 357
"../../../Engine/Content/Tutorial/BlueprintTutorials/BlueprintEditorTutorial.uasset" 358
"../../../Engine/Content/Tutorial/BlueprintTutorials/LevelBlueprintEditorOverview.uasset" 359
"../../../Engine/Content/Tutorial/SubEditors/StaticMeshEditorTutorial.uasset" 360
"../../../Engine/Content/VREditor/LaserPointer/VR_LaserPower_01.uasset" 361
"../../../Engine/Content/VREditor/TransformGizmo/TransformGizmoMaterial.uasset" 362
"../../../Engine/Content/VREditor/TransformGizmo/BoundingBoxCorner.uasset" 363
"../../../Engine/Content/VREditor/TransformGizmo/BoundingBoxEdge.uasset" 364
"../../../Engine/Content/VREditor/TransformGizmo/PlaneTranslationHandle.uasset" 365
"../../../Engine/Content/VREditor/TransformGizmo/Xray.uasset" 366
"../../../Engine/Content/VREditor/TransformGizmo/Main.uasset" 367
"../../../Engine/Content/VREditor/TransformGizmo/SM_Sequencer_Key.uasset" 368
"../../../Engine/Content/VREditor/TransformGizmo/SM_Sequencer_Node.uasset" 369
"../../Plugins/2D/Paper2D/Content/PlaceholderTextures/DummySpriteTexture.uasset" 370
"../../Plugins/2D/Paper2D/Content/DummySprite.uasset" 371
"../../Plugins/2D/Paper2D/Content/DefaultPaperTerrainMaterial.uasset" 372
"../../Plugins/2D/Paper2D/Content/DefaultSpriteMaterial.uasset" 373
"../../Plugins/2D/Paper2D/Content/MaskedUnlitSpriteMaterial.uasset" 374
"../../Plugins/2D/Paper2D/Content/OpaqueUnlitSpriteMaterial.uasset" 375
"../../../Engine/Content/BasicShapes/Cylinder.uasset" 376
"../../../Engine/Content/ArtTools/RenderToTexture/Materials/Debug/M_Emissive_Color.uasset" 377
"../../Plugins/Lumin/MagicLeapPassableWorld/Content/MagicLeapARPinInfoActor.uasset" 378
"../../Plugins/Editor/SpeedTreeImporter/Content/SpeedTree9/UnpackInteger3.uasset" 379
"../../Plugins/Editor/SpeedTreeImporter/Content/SpeedTree9/UnpackDirection.uasset" 380
"../../Plugins/Editor/SpeedTreeImporter/Content/SpeedTree9/game_wind_noise.uasset" 381
"../../../Engine/Content/Functions/Engine_MaterialFunctions02/SafeNormalize.uasset" 382
"../../Plugins/Editor/SpeedTreeImporter/Content/SpeedTree9/SpeedTreeWindMotion.uasset" 383
"../../Plugins/Editor/SpeedTreeImporter/Content/SpeedTree9/SpeedTreeBranchMotion.uasset" 384
"../../../Engine/Content/Functions/Engine_MaterialFunctions02/ObjectLocalBounds.uasset" 385
"../../../Engine/Content/Functions/Engine_MaterialFunctions02/UVs/BoundingBoxBased_0-1_UVW.uasset" 386
"../../Plugins/Editor/SpeedTreeImporter/Content/SpeedTree9/SpeedTreeWind.uasset" 387
"../../Plugins/Editor/SpeedTreeImporter/Content/SpeedTree9/SpeedTreeBillboard.uasset" 388
"../../../Engine/Content/EngineResources/DefaultTexture.uasset" 389
"../../Plugins/Editor/SpeedTreeImporter/Content/SpeedTree9/SpeedTreeBillboardMaster.uasset" 390
"../../Plugins/Editor/SpeedTreeImporter/Content/SpeedTree9/SpeedTreeCameraFacing.uasset" 391
"../../Plugins/Editor/SpeedTreeImporter/Content/SpeedTree9/SpeedTreeMaster.uasset" 392
"../../../Engine/Content/Functions/Engine_MaterialFunctions02/Utility/BreakOutFloat4Components.uasset" 393
"../../Plugins/Runtime/Oculus/OculusVR/Content/Materials/OculusMR_ChromaKey.uasset" 394
"../../Plugins/Runtime/Oculus/OculusVR/Content/Materials/OculusMR_OpaqueColoredMaterial.uasset" 395
"../../Plugins/Runtime/Oculus/OculusVR/Content/Materials/PokeAHoleMaterial.uasset" 396
"../../../../../Unreal Projects/Task1/Content/SuperGrid/StarterPack/Materials/Functions/Texture/Dye_SingleColor.uasset" 397
"../../../../../Unreal Projects/Task1/Content/SuperGrid/StarterPack/Source/Textures/T_BasicGrid_N.uasset" 398
"../../../../../Unreal Projects/Task1/Content/SuperGrid/StarterPack/Materials/Base/M_SuperGrid_SingleColor.uasset" 399
"../../../../../Unreal Projects/Task1/Content/SuperGrid/StarterPack/Materials/Palette/Grids/M_SuperGrid_Default.uasset" 400
"../../../../../Unreal Projects/Task1/Content/SuperGrid/StarterPack/Source/Meshes/SuperGrid_Pyramide.uasset" 401
"../../../../../Unreal Projects/Task1/Content/Mixamo/Female_Standing_Pose_PhysicsAsset.uasset" 402
"../../../../../Unreal Projects/Task1/Content/Mixamo/Peasant_Girl_specular.uasset" 403
"../../../../../Unreal Projects/Task1/Content/Mixamo/Peasant_Girl_normal.uasset" 404
"../../../../../Unreal Projects/Task1/Content/Mixamo/Peasant_Girl_diffuse.uasset" 405
"../../../../../Unreal Projects/Task1/Content/Mixamo/Peasant_Girl.uasset" 406
"../../../../../Unreal Projects/Task1/Content/Mixamo/Female_Standing_Pose_Skeleton.uasset" 407
"../../../../../Unreal Projects/Task1/Content/Mixamo/Female_Standing_Pose.uasset" 408
"../../../Engine/Content/BasicShapes/Cone.uasset" 409
"../../../../../Unreal Projects/Task1/Content/SuperGrid/StarterPack/Source/Textures/T_Hexagon_N.uasset" 410
"../../../../../Unreal Projects/Task1/Content/SuperGrid/StarterPack/Source/Textures/T_ConcreteWall_R.uasset" 411
"../../../../../Unreal Projects/Task1/Content/SuperGrid/StarterPack/Materials/Functions/UV/UV_CustomTexture.uasset" 412
"../../../../../Unreal Projects/Task1/Content/SuperGrid/StarterPack/Materials/Base/M_SuperGrid_Hexagon.uasset" 413
"../../../../../Unreal Projects/Task1/Content/SuperGrid/TutorialLevel/MaterialInstances/M_TutHexB.uasset" 414
"../../../../../Unreal Projects/Task1/Content/SuperGrid/StarterPack/Source/Textures/T_ModernGrid_N.uasset" 415
"../../../../../Unreal Projects/Task1/Content/SuperGrid/StarterPack/Source/Textures/T_ModernGrid_M.uasset" 416
"../../../../../Unreal Projects/Task1/Content/SuperGrid/StarterPack/Materials/Base/M_SuperGrid_Modern.uasset" 417
"../../../../../Unreal Projects/Task1/Content/SuperGrid/TutorialLevel/MaterialInstances/M_Tut_WhiteA.uasset" 418
"../../../Engine/Content/Functions/Engine_MaterialFunctions02/Utility/Sine_Remapped.uasset" 419
"../../../../../Unreal Projects/Task1/Content/SuperGrid/TutorialLevel/Utility/Materials/M_Utility_Light.uasset" 420
"../../../../../Unreal Projects/Task1/Content/SuperGrid/TutorialLevel/MaterialInstances/M_Tut_LightRed.uasset" 421
"../../../../../Unreal Projects/Task1/Content/SuperGrid/StarterPack/Materials/Functions/UV/UV_CustomPanner.uasset" 422
"../../../../../Unreal Projects/Task1/Content/SuperGrid/StarterPack/Materials/Base/M_SuperGrid_Holographic.uasset" 423
"../../../../../Unreal Projects/Task1/Content/SuperGrid/TutorialLevel/MaterialInstances/M_Tut_HoloC.uasset" 424
"../../../../../Unreal Projects/Task1/Content/SuperGrid/TutorialLevel/MaterialInstances/M_Tut_BlackB.uasset" 425
"../../../Engine/Content/EngineDebugMaterials/M_SimpleTranslucent.uasset" 426
"../../../../../Unreal Projects/Task1/Content/Map/DemoMap_BuiltData.uasset" 427
"../../../../../Unreal Projects/Task1/Content/Mixamo/Female_Laying_Pose.uasset" 428
"../../../Engine/Content/BasicShapes/Plane.uasset" 429
"../../../../../Unreal Projects/Task1/Content/Images/ester.uasset" 430
"../../../../../Unreal Projects/Task1/Content/Images/ester_Mat.uasset" 431
"../../../../../Unreal Projects/Task1/Content/Images/Plane_Blueprint.uasset" 432
"../../../../../Unreal Projects/Task1/Content/WBP_Saved.uasset" 433
"../../../../../Unreal Projects/Task1/Content/Sounds/Gameplay/prize.uasset" 434
"../../../../../Unreal Projects/Task1/Content/BP_SaveGameTrigger.uasset" 435
"../../../../../Unreal Projects/Task1/Content/BP_PointObject.uasset" 436
"../../../../../Unreal Projects/Task1/Content/SuperGrid/StarterPack/Materials/Base/M_SuperGrid_MultiColor.uasset" 437
"../../../../../Unreal Projects/Task1/Content/SuperGrid/TutorialLevel/MaterialInstances/M_Tut_DangerZone.uasset" 438
"../../../../../Unreal Projects/Task1/Content/AI_Enemy/BP_HLGun.uasset" 439
"../../../../../Unreal Projects/Task1/Content/SuperGrid/StarterPack/Source/Meshes/SuperGrid_RingFull.uasset" 440
"../../../../../Unreal Projects/Task1/Content/Sounds/Gameplay/coin_sound.uasset" 441
"../../../Engine/Content/MapTemplates/Materials/BasicAsset03.uasset" 442
"../../../../../Unreal Projects/Task1/Content/BP_PointActor.uasset" 443
"../../../../../Unreal Projects/Task1/Content/BP_PointManager.uasset" 444
"../../../Engine/Content/VREditor/Sounds/UI/Floating_UI_Open-002.uasset" 445
"../../../../../Unreal Projects/Task1/Content/SuperGrid/TutorialLevel/Utility/Misc/PhysMat_Plastic.uasset" 446
"../../../../../Unreal Projects/Task1/Content/SuperGrid/TutorialLevel/MaterialInstances/M_Tut_WhiteB.uasset" 447
"../../../../../Unreal Projects/Task1/Content/BP_MissionDoor.uasset" 448
"../../../../../Unreal Projects/Task1/Content/SuperGrid/StarterPack/Source/Meshes/SuperGrid_Box.uasset" 449
"../../../../../Unreal Projects/Task1/Content/BP_IgnoreToBlockWall.uasset" 450
"../../../Engine/Content/MapTemplates/Materials/BasicAsset01.uasset" 451
"../../../../../Unreal Projects/Task1/Content/AI_Enemy/BP_EnemyBall.uasset" 452
"../../../../../Unreal Projects/Task1/Content/AI_Enemy/BP_LastFloorManager.uasset" 453
"../../../../../Unreal Projects/Task1/Content/BP_Floor1_Objective.uasset" 454
"../../../../../Unreal Projects/Task1/Content/Sounds/Swings/AxeSwing3.uasset" 455
"../../../../../Unreal Projects/Task1/Content/SuperGrid/TutorialLevel/MaterialInstances/M_Tut_BlueB.uasset" 456
"../../../../../Unreal Projects/Task1/Content/BP_Dragable.uasset" 457
"../../../../../Unreal Projects/Task1/Content/BP_Door.uasset" 458
"../../../Engine/Content/VREditor/Sounds/UI/Teleport_Committed.uasset" 459
"../../../Engine/Content/EditorSounds/GamePreview/EndSimulate.uasset" 460
"../../../Engine/Content/EngineDebugMaterials/M_SimpleOpaque.uasset" 461
"../../../../../Unreal Projects/Task1/Content/Images/T_BoomerangTarget.uasset" 462
"../../../../../Unreal Projects/Task1/Content/Images/T_BoomerangTarget_Mat.uasset" 463
"../../../../../Unreal Projects/Task1/Content/WBP_BoomerangCamera.uasset" 464
"../../../Engine/Content/VREditor/LaserPointer/LaserPointerMaterial.uasset" 465
"../../../Engine/Content/VREditor/LaserPointer/LaserPointerMaterialInst.uasset" 466
"../../../Engine/Content/VREditor/LaserPointer/TranslucentLaserPointerMaterialInst.uasset" 467
"../../../../../Unreal Projects/Task1/Content/BP_TranslucentWall.uasset" 468
"../../../../../Unreal Projects/Task1/Content/BP_Teleporter_BoomerangManager.uasset" 469
"../../../Engine/Content/EngineDebugMaterials/VertexColorViewMode_RedOnly.uasset" 470
"../../../../../Unreal Projects/Task1/Content/SuperGrid/StarterPack/Source/Meshes/SuperGrid_Stairs.uasset" 471
"../../../../../Unreal Projects/Task1/Content/BP_BoomerangObjectiveStair.uasset" 472
"../../../../../Unreal Projects/Task1/Content/BP_BoomerangTarget.uasset" 473
"../../../../../Unreal Projects/Task1/Content/BP_BlockOnlyPawnVolume.uasset" 474
"../../../Engine/Content/EngineSky/T_Sky_Stars.uasset" 475
"../../../Engine/Content/EngineSky/T_Sky_Clouds_M.uasset" 476
"../../../Engine/Content/EngineSky/T_Sky_Blue.uasset" 477
"../../../Engine/Content/EngineSky/M_Sky_Panning_Clouds2.uasset" 478
"../../../../../Unreal Projects/Task1/Content/Sounds/FootstepJump/sw_Foley_JumpLand_Metal_03.uasset" 479
"../../../../../Unreal Projects/Task1/Content/SuperGrid/TutorialLevel/MaterialInstances/M_Tut_HoloA.uasset" 480
"../../../../../Unreal Projects/Task1/Content/BP_Launcher.uasset" 481
"../../../Engine/Content/EngineSky/SM_SkySphere.uasset" 482
"../../../Engine/Content/EngineSky/C_Sky_Zenith_Color.uasset" 483
"../../../Engine/Content/EngineSky/C_Sky_Horizon_Color.uasset" 484
"../../../Engine/Content/EngineSky/C_Sky_Cloud_Color.uasset" 485
"../../../Engine/Content/EngineSky/BP_Sky_Sphere.uasset" 486
"../../../../../Unreal Projects/Task1/Content/Map/DemoMap.umap" 487
"../../../Engine/Content/Maps/Entry_BuiltData.uasset" 488
"../../../Engine/Content/Maps/Entry.umap" 489
